c:\dev\battlebotssim\robotcontroller\build\objects.dir\release\openglmodel.obj
c:\dev\battlebotssim\robotcontroller\build\objects.dir\release\object.obj
c:\dev\battlebotssim\robotcontroller\build\objects.dir\release\window.obj
c:\dev\battlebotssim\robotcontroller\build\objects.dir\release\clock.obj
c:\dev\battlebotssim\robotcontroller\build\objects.dir\release\camera.obj
c:\dev\battlebotssim\robotcontroller\build\objects.dir\release\gameloop.obj
c:\dev\battlebotssim\robotcontroller\build\objects.dir\release\robotstateparser.obj
c:\dev\battlebotssim\robotcontroller\build\objects.dir\release\serversocket.obj
c:\dev\battlebotssim\robotcontroller\build\objects.dir\release\vision.obj
c:\dev\battlebotssim\robotcontroller\build\objects.dir\release\mathutils.obj
c:\dev\battlebotssim\robotcontroller\build\objects.dir\release\robotcontroller.obj
c:\dev\battlebotssim\robotcontroller\build\objects.dir\release\camerareceiver.obj
c:\dev\battlebotssim\robotcontroller\build\cmakefiles\generate.stamp
c:\dev\battlebotssim\robotcontroller\build\objects.dir\release\objects.lib
c:\dev\battlebotssim\robotcontroller\build\objects.dir\release\objects.tlog\cl.command.1.tlog
c:\dev\battlebotssim\robotcontroller\build\objects.dir\release\objects.tlog\cl.read.1.tlog
c:\dev\battlebotssim\robotcontroller\build\objects.dir\release\objects.tlog\cl.write.1.tlog
c:\dev\battlebotssim\robotcontroller\build\objects.dir\release\objects.tlog\custombuild.command.1.tlog
c:\dev\battlebotssim\robotcontroller\build\objects.dir\release\objects.tlog\custombuild.read.1.tlog
c:\dev\battlebotssim\robotcontroller\build\objects.dir\release\objects.tlog\custombuild.write.1.tlog
c:\dev\battlebotssim\robotcontroller\build\objects.dir\release\objects.tlog\lib-link.read.1.tlog
c:\dev\battlebotssim\robotcontroller\build\objects.dir\release\objects.tlog\lib-link.write.1.tlog
c:\dev\battlebotssim\robotcontroller\build\objects.dir\release\objects.tlog\lib.command.1.tlog
